[INFO  - 2019-01-09T16:11:42.391Z] GhostDriver - Main - running on port 62405
[INFO  - 2019-01-09T16:11:46.469Z] Session [432a4890-1429-11e9-9372-5fd2e76bc22d] - page.settings - {"XSSAuditingEnabled":false,"javascriptCanCloseWindows":true,"javascriptCanOpenWindows":true,"javascriptEnabled":true,"loadImages":true,"localToRemoteUrlAccessEnabled":false,"userAgent":"Mozilla/5.0 (Windows NT 6.2; WOW64) AppleWebKit/538.1 (KHTML, like Gecko) PhantomJS/2.1.1 Safari/538.1","webSecurityEnabled":true}
[INFO  - 2019-01-09T16:11:46.470Z] Session [432a4890-1429-11e9-9372-5fd2e76bc22d] - page.customHeaders:  - {}
[INFO  - 2019-01-09T16:11:46.471Z] Session [432a4890-1429-11e9-9372-5fd2e76bc22d] - Session.negotiatedCapabilities - {"browserName":"phantomjs","version":"2.1.1","driverName":"ghostdriver","driverVersion":"1.2.0","platform":"windows-10-32bit","javascriptEnabled":true,"takesScreenshot":true,"handlesAlerts":false,"databaseEnabled":false,"locationContextEnabled":false,"applicationCacheEnabled":false,"browserConnectionEnabled":false,"cssSelectorsEnabled":true,"webStorageEnabled":false,"rotatable":false,"acceptSslCerts":false,"nativeEvents":true,"proxy":{"proxyType":"direct"}}
[INFO  - 2019-01-09T16:11:46.471Z] SessionManagerReqHand - _postNewSessionCommand - New Session Created: 432a4890-1429-11e9-9372-5fd2e76bc22d
[ERROR - 2019-01-09T16:11:49.739Z] Session [432a4890-1429-11e9-9372-5fd2e76bc22d] - page.onError - msg: TypeError: null is not a constructor (evaluating '$')

  phantomjs://platform/console++.js:263 in error
[ERROR - 2019-01-09T16:11:49.739Z] Session [432a4890-1429-11e9-9372-5fd2e76bc22d] - page.onError - stack:
  (anonymous function) (https://sou.autohome.com.cn/js/auto_home_sug.js?v2:292)
  (anonymous function) (https://x.autoimg.cn/as/js-2.0.5/sea.js:2)
  n (https://x.autoimg.cn/as/js-2.0.5/sea.js:2)
  r (https://x.autoimg.cn/as/js-2.0.5/sea.js:2)
  n (https://x.autoimg.cn/as/js-2.0.5/sea.js:2)
  onreadystatechange (https://x.autoimg.cn/as/js-2.0.5/sea.js:2)

  phantomjs://platform/console++.js:263 in error
[ERROR - 2019-01-09T16:11:50.001Z] Session [432a4890-1429-11e9-9372-5fd2e76bc22d] - page.onError - msg: TypeError: null is not a constructor (evaluating '$('#popautoapp')')

  phantomjs://platform/console++.js:263 in error
[ERROR - 2019-01-09T16:11:50.002Z] Session [432a4890-1429-11e9-9372-5fd2e76bc22d] - page.onError - stack:
  (anonymous function) (https://www.autohome.com.cn/car/:8830)
  (anonymous function) (https://x.autoimg.cn/as/js-2.0.5/sea.js:2)
  n (https://x.autoimg.cn/as/js-2.0.5/sea.js:2)
  n (https://x.autoimg.cn/as/js-2.0.5/sea.js:2)
  r (https://x.autoimg.cn/as/js-2.0.5/sea.js:2)
  n (https://x.autoimg.cn/as/js-2.0.5/sea.js:2)
  onreadystatechange (https://x.autoimg.cn/as/js-2.0.5/sea.js:2)

  phantomjs://platform/console++.js:263 in error
